<?xml version="1.0" encoding="UTF-8"?>
<testsuite name="edu.coursera.distributed.FileServerTest" time="20.036" tests="9" errors="0" skipped="0" failures="1">
  <properties>
    <property name="idea.version" value="2024.2.0.1"/>
    <property name="java.runtime.name" value="OpenJDK Runtime Environment"/>
    <property name="java.vm.version" value="11.0.24+8-post-Ubuntu-1ubuntu322.04"/>
    <property name="sun.boot.library.path" value="/usr/lib/jvm/java-11-openjdk-amd64/lib"/>
    <property name="maven.multiModuleProjectDirectory" value="/home/andy/GeorgiaTech/parallel_compute/Concurrency in Java_Rice University/3_Distributed programming/miniproject_4"/>
    <property name="java.vm.vendor" value="Ubuntu"/>
    <property name="java.vendor.url" value="https://ubuntu.com/"/>
    <property name="guice.disable.misplaced.annotation.check" value="true"/>
    <property name="path.separator" value=":"/>
    <property name="java.vm.name" value="OpenJDK 64-Bit Server VM"/>
    <property name="sun.os.patch.level" value="unknown"/>
    <property name="user.country" value="US"/>
    <property name="sun.java.launcher" value="SUN_STANDARD"/>
    <property name="java.vm.specification.name" value="Java Virtual Machine Specification"/>
    <property name="user.dir" value="/home/andy/GeorgiaTech/parallel_compute/Concurrency in Java_Rice University/3_Distributed programming/miniproject_4"/>
    <property name="java.vm.compressedOopsMode" value="Zero based"/>
    <property name="java.runtime.version" value="11.0.24+8-post-Ubuntu-1ubuntu322.04"/>
    <property name="java.awt.graphicsenv" value="sun.awt.X11GraphicsEnvironment"/>
    <property name="os.arch" value="amd64"/>
    <property name="java.io.tmpdir" value="/tmp"/>
    <property name="line.separator" value="&#10;"/>
    <property name="java.vm.specification.vendor" value="Oracle Corporation"/>
    <property name="os.name" value="Linux"/>
    <property name="maven.ext.class.path" value="/snap/intellij-idea-community/525/plugins/maven/lib/maven-event-listener.jar"/>
    <property name="classworlds.conf" value="/snap/intellij-idea-community/525/plugins/maven/lib/maven3/bin/m2.conf"/>
    <property name="sun.jnu.encoding" value="UTF-8"/>
    <property name="java.library.path" value="/usr/java/packages/lib:/usr/lib/x86_64-linux-gnu/jni:/lib/x86_64-linux-gnu:/usr/lib/x86_64-linux-gnu:/usr/lib/jni:/lib:/usr/lib"/>
    <property name="jansi.passthrough" value="true"/>
    <property name="maven.conf" value="/snap/intellij-idea-community/525/plugins/maven/lib/maven3/conf"/>
    <property name="jdk.debug" value="release"/>
    <property name="java.class.version" value="55.0"/>
    <property name="java.specification.name" value="Java Platform API Specification"/>
    <property name="sun.management.compiler" value="HotSpot 64-Bit Tiered Compilers"/>
    <property name="os.version" value="6.8.0-40-generic"/>
    <property name="user.home" value="/home/andy"/>
    <property name="user.timezone" value="America/Los_Angeles"/>
    <property name="java.awt.printerjob" value="sun.print.PSPrinterJob"/>
    <property name="file.encoding" value="UTF-8"/>
    <property name="java.specification.version" value="11"/>
    <property name="user.name" value="andy"/>
    <property name="java.class.path" value="/snap/intellij-idea-community/525/plugins/maven/lib/maven3/boot/plexus-classworlds-2.8.0.jar:/snap/intellij-idea-community/525/plugins/maven/lib/maven3/boot/plexus-classworlds.license"/>
    <property name="java.vm.specification.version" value="11"/>
    <property name="sun.arch.data.model" value="64"/>
    <property name="sun.java.command" value="org.codehaus.classworlds.Launcher -Didea.version=2024.2.0.1 test"/>
    <property name="java.home" value="/usr/lib/jvm/java-11-openjdk-amd64"/>
    <property name="user.language" value="en"/>
    <property name="java.specification.vendor" value="Oracle Corporation"/>
    <property name="awt.toolkit" value="sun.awt.X11.XToolkit"/>
    <property name="java.vm.info" value="mixed mode, sharing"/>
    <property name="java.version" value="11.0.24"/>
    <property name="java.vendor" value="Ubuntu"/>
    <property name="java.specification.maintenance.version" value="2"/>
    <property name="maven.home" value="/snap/intellij-idea-community/525/plugins/maven/lib/maven3"/>
    <property name="file.separator" value="/"/>
    <property name="java.version.date" value="2024-07-16"/>
    <property name="java.vendor.url.bug" value="https://bugs.launchpad.net/ubuntu/+source/openjdk-lts"/>
    <property name="sun.io.unicode.encoding" value="UnicodeLittle"/>
    <property name="sun.cpu.endian" value="little"/>
    <property name="sun.desktop" value="gnome"/>
    <property name="sun.cpu.isalist" value=""/>
  </properties>
  <testcase name="testDoublyNestedFileGet" classname="edu.coursera.distributed.FileServerTest" time="0.016"/>
  <testcase name="testMissingNestedFileGet" classname="edu.coursera.distributed.FileServerTest" time="0.001"/>
  <testcase name="testTermination" classname="edu.coursera.distributed.FileServerTest" time="0"/>
  <testcase name="testFileGet" classname="edu.coursera.distributed.FileServerTest" time="0.001"/>
  <testcase name="testFileGets" classname="edu.coursera.distributed.FileServerTest" time="0.001"/>
  <testcase name="testNestedFileGet" classname="edu.coursera.distributed.FileServerTest" time="0.001"/>
  <testcase name="testLargeFileGet" classname="edu.coursera.distributed.FileServerTest" time="0.001"/>
  <testcase name="testMissingFileGet" classname="edu.coursera.distributed.FileServerTest" time="0"/>
  <testcase name="testPerformance" classname="edu.coursera.distributed.FileServerTest" time="20.015">
    <failure message="Expected parallel threads to produce at least a 9.6x improvement, but only saw 1.972228494016708x" type="junit.framework.AssertionFailedError">junit.framework.AssertionFailedError: Expected parallel threads to produce at least a 9.6x improvement, but only saw 1.972228494016708x
	at junit.framework.Assert.fail(Assert.java:47)
	at junit.framework.Assert.assertTrue(Assert.java:20)
	at edu.coursera.distributed.FileServerTest.testPerformance(FileServerTest.java:327)
</failure>
    <system-err><![CDATA[Testing performance of multi-threaded web server using 16 request threads

Launching server for runPerformanceTest

Launching server for runPerformanceTest
Single-core execution completed 4429
Parallel execution completed 8735, yielding an improvement of 1.972228494016708x

]]></system-err>
  </testcase>
</testsuite>