<?xml version="1.0" encoding="UTF-8"?>
<testsuite name="edu.coursera.concurrent.ListSetTest" time="2,791.075" tests="6" errors="0" skipped="0" failures="1">
  <properties>
    <property name="idea.version" value="2024.1.4"/>
    <property name="java.runtime.name" value="OpenJDK Runtime Environment"/>
    <property name="java.vm.version" value="11.0.24+8-post-Ubuntu-1ubuntu322.04"/>
    <property name="sun.boot.library.path" value="/usr/lib/jvm/java-11-openjdk-amd64/lib"/>
    <property name="maven.multiModuleProjectDirectory" value="/home/andy/GeorgiaTech/parallel_compute/2_Concurrent programming in Java/miniproject_1"/>
    <property name="java.vm.vendor" value="Ubuntu"/>
    <property name="java.vendor.url" value="https://ubuntu.com/"/>
    <property name="guice.disable.misplaced.annotation.check" value="true"/>
    <property name="path.separator" value=":"/>
    <property name="java.vm.name" value="OpenJDK 64-Bit Server VM"/>
    <property name="sun.os.patch.level" value="unknown"/>
    <property name="user.country" value="US"/>
    <property name="sun.java.launcher" value="SUN_STANDARD"/>
    <property name="java.vm.specification.name" value="Java Virtual Machine Specification"/>
    <property name="user.dir" value="/home/andy/GeorgiaTech/parallel_compute/2_Concurrent programming in Java/miniproject_1"/>
    <property name="java.vm.compressedOopsMode" value="Zero based"/>
    <property name="java.runtime.version" value="11.0.24+8-post-Ubuntu-1ubuntu322.04"/>
    <property name="java.awt.graphicsenv" value="sun.awt.X11GraphicsEnvironment"/>
    <property name="os.arch" value="amd64"/>
    <property name="java.io.tmpdir" value="/tmp"/>
    <property name="line.separator" value="&#10;"/>
    <property name="java.vm.specification.vendor" value="Oracle Corporation"/>
    <property name="os.name" value="Linux"/>
    <property name="maven.ext.class.path" value="/snap/intellij-idea-community/515/plugins/maven/lib/maven-event-listener.jar"/>
    <property name="classworlds.conf" value="/snap/intellij-idea-community/515/plugins/maven/lib/maven3/bin/m2.conf"/>
    <property name="sun.jnu.encoding" value="UTF-8"/>
    <property name="java.library.path" value="/usr/java/packages/lib:/usr/lib/x86_64-linux-gnu/jni:/lib/x86_64-linux-gnu:/usr/lib/x86_64-linux-gnu:/usr/lib/jni:/lib:/usr/lib"/>
    <property name="jansi.passthrough" value="true"/>
    <property name="maven.conf" value="/snap/intellij-idea-community/515/plugins/maven/lib/maven3/conf"/>
    <property name="jdk.debug" value="release"/>
    <property name="java.class.version" value="55.0"/>
    <property name="java.specification.name" value="Java Platform API Specification"/>
    <property name="sun.management.compiler" value="HotSpot 64-Bit Tiered Compilers"/>
    <property name="os.version" value="6.5.0-45-generic"/>
    <property name="user.home" value="/home/andy"/>
    <property name="user.timezone" value="America/Los_Angeles"/>
    <property name="java.awt.printerjob" value="sun.print.PSPrinterJob"/>
    <property name="file.encoding" value="UTF-8"/>
    <property name="java.specification.version" value="11"/>
    <property name="user.name" value="andy"/>
    <property name="java.class.path" value="/snap/intellij-idea-community/515/plugins/maven/lib/maven3/boot/plexus-classworlds-2.7.0.jar:/snap/intellij-idea-community/515/plugins/maven/lib/maven3/boot/plexus-classworlds.license"/>
    <property name="java.vm.specification.version" value="11"/>
    <property name="sun.arch.data.model" value="64"/>
    <property name="sun.java.command" value="org.codehaus.classworlds.Launcher -Didea.version=2024.1.4 test"/>
    <property name="java.home" value="/usr/lib/jvm/java-11-openjdk-amd64"/>
    <property name="user.language" value="en"/>
    <property name="java.specification.vendor" value="Oracle Corporation"/>
    <property name="awt.toolkit" value="sun.awt.X11.XToolkit"/>
    <property name="java.vm.info" value="mixed mode, sharing"/>
    <property name="java.version" value="11.0.24"/>
    <property name="java.vendor" value="Ubuntu"/>
    <property name="java.specification.maintenance.version" value="2"/>
    <property name="maven.home" value="/snap/intellij-idea-community/515/plugins/maven/lib/maven3"/>
    <property name="file.separator" value="/"/>
    <property name="java.version.date" value="2024-07-16"/>
    <property name="java.vendor.url.bug" value="https://bugs.launchpad.net/ubuntu/+source/openjdk-lts"/>
    <property name="sun.io.unicode.encoding" value="UnicodeLittle"/>
    <property name="sun.cpu.endian" value="little"/>
    <property name="sun.desktop" value="gnome"/>
    <property name="sun.cpu.isalist" value=""/>
  </properties>
  <testcase name="testReadWriteLocksRepeatingLarge" classname="edu.coursera.concurrent.ListSetTest" time="105.449"/>
  <testcase name="testReadWriteLocksRepeatingSmall" classname="edu.coursera.concurrent.ListSetTest" time="52.007"/>
  <testcase name="testReadWriteLocksRandomLarge" classname="edu.coursera.concurrent.ListSetTest" time="875.451">
    <failure message="Expected add throughput improvement to be at least 0.500000x with read-write locks, but found 0.495863x" type="junit.framework.AssertionFailedError">junit.framework.AssertionFailedError: Expected add throughput improvement to be at least 0.500000x with read-write locks, but found 0.495863x
	at junit.framework.Assert.fail(Assert.java:47)
	at junit.framework.Assert.assertTrue(Assert.java:20)
	at edu.coursera.concurrent.ListSetTest.testReadWriteLocksHelper(ListSetTest.java:219)
	at edu.coursera.concurrent.ListSetTest.testReadWriteLocksRandomLarge(ListSetTest.java:85)
</failure>
    <system-out><![CDATA[=========================================================
RWCoarseList vs. SyncList (Large Random)
=========================================================
# threads = 16
0.49586307769554877x improvement in add throughput (16.100831456999458 -> 7.983807839725058)
15.536217563155182x improvement in contains throughput (7.079234889566701 -> 109.9845334249871)
1.5410250871725246x improvement in remove throughput (12.815378454144973 -> 19.74881969944765)
=========================================================
]]></system-out>
  </testcase>
  <testcase name="testCoarseGrainedLockingRepeatingLarge" classname="edu.coursera.concurrent.ListSetTest" time="133.399"/>
  <testcase name="testCoarseGrainedLockingRandomLarge" classname="edu.coursera.concurrent.ListSetTest" time="1,259.876"/>
  <testcase name="testReadWriteLocksRandomSmall" classname="edu.coursera.concurrent.ListSetTest" time="364.893"/>
</testsuite>